<?xml version="1.0" encoding="UTF-8"?>
<!-- Generated by org.testng.reporters.JUnitReportReporter -->
<testsuite hostname="Test-Jpwin11" failures="1" tests="22" name="test.script.OtherPersonalFolderSmokeTest" time="431.838" errors="2" timestamp="2024-07-26T01:27:56 JST" skipped="1">
  <testcase classname="test.script.OtherPersonalFolderSmokeTest" name="verifyFolderIsEmpty" time="51.280">
    <error message="Expected condition failed: waiting for presence of any elements located by By.xpath: (//div[(@class=&#039;target backupTarget&#039;)])[4]/h4 (tried for 30 second(s) with 500 MILLISECONDS interval)
Build info: version: &#039;unknown&#039;, revision: &#039;unknown&#039;, time: &#039;unknown&#039;
System info: host: &#039;TEST-JPWIN11&#039;, ip: &#039;192.168.81.68&#039;, os.name: &#039;Windows 11&#039;, os.arch: &#039;amd64&#039;, os.version: &#039;10.0&#039;, java.version: &#039;20.0.1&#039;
Driver info: org.openqa.selenium.chrome.ChromeDriver
Capabilities [{networkConnectionEnabled=false, chrome={chromedriverVersion=126.0.6478.55 (7616ff175414646cbd1ac65e912fc530b19cc573-refs/branch-heads/6478@{#1402}), userDataDir=C:\Windows\SystemTemp\scoped_dir27560_1804214359}, timeouts={implicit=0, pageLoad=300000, script=30000}, pageLoadStrategy=normal, unhandledPromptBehavior=dismiss and notify, strictFileInteractability=false, platform=XP, proxy=Proxy(), webauthn:extension:minPinLength=true, goog:chromeOptions={debuggerAddress=localhost:54604}, webauthn:extension:credBlob=true, webauthn:extension:prf=true, acceptInsecureCerts=false, browserVersion=126.0.6478.183, fedcm:accounts=true, browserName=chrome, javascriptEnabled=true, platformName=XP, setWindowRect=true, webauthn:extension:largeBlob=true, webauthn:virtualAuthenticators=true}]
Session ID: 348319de4d211907f21809c0e32fbf76" type="org.openqa.selenium.TimeoutException">
      <![CDATA[org.openqa.selenium.TimeoutException: Expected condition failed: waiting for presence of any elements located by By.xpath: (//div[(@class='target backupTarget')])[4]/h4 (tried for 30 second(s) with 500 MILLISECONDS interval)
Build info: version: 'unknown', revision: 'unknown', time: 'unknown'
System info: host: 'TEST-JPWIN11', ip: '192.168.81.68', os.name: 'Windows 11', os.arch: 'amd64', os.version: '10.0', java.version: '20.0.1'
Driver info: org.openqa.selenium.chrome.ChromeDriver
Capabilities [{networkConnectionEnabled=false, chrome={chromedriverVersion=126.0.6478.55 (7616ff175414646cbd1ac65e912fc530b19cc573-refs/branch-heads/6478@{#1402}), userDataDir=C:\Windows\SystemTemp\scoped_dir27560_1804214359}, timeouts={implicit=0, pageLoad=300000, script=30000}, pageLoadStrategy=normal, unhandledPromptBehavior=dismiss and notify, strictFileInteractability=false, platform=XP, proxy=Proxy(), webauthn:extension:minPinLength=true, goog:chromeOptions={debuggerAddress=localhost:54604}, webauthn:extension:credBlob=true, webauthn:extension:prf=true, acceptInsecureCerts=false, browserVersion=126.0.6478.183, fedcm:accounts=true, browserName=chrome, javascriptEnabled=true, platformName=XP, setWindowRect=true, webauthn:extension:largeBlob=true, webauthn:virtualAuthenticators=true}]
Session ID: 348319de4d211907f21809c0e32fbf76
at org.openqa.selenium.support.ui.WebDriverWait.timeoutException(WebDriverWait.java:80)
at org.openqa.selenium.support.ui.FluentWait.until(FluentWait.java:232)
at cocoro.lib.uiauto.SeleniumUIControl.identify(SeleniumUIControl.java:109)
at cocoro.lib.uiauto.SeleniumUIControl.find(SeleniumUIControl.java:38)
at cocoro.pages.BasePage.uiControl(BasePage.java:69)
at pages.HomePage.gotoOtherUserPersonalFolder(HomePage.java:134)
at test.script.OtherPersonalFolderSmokeTest.verifyFolderIsEmpty(OtherPersonalFolderSmokeTest.java:48)
at java.base/jdk.internal.reflect.DirectMethodHandleAccessor.invoke(DirectMethodHandleAccessor.java:104)
at java.base/java.lang.reflect.Method.invoke(Method.java:578)
at org.testng.internal.invokers.MethodInvocationHelper.invokeMethod(MethodInvocationHelper.java:139)
at org.testng.internal.invokers.MethodInvocationHelper.invokeMethodConsideringTimeout(MethodInvocationHelper.java:69)
at org.testng.internal.invokers.ConfigInvoker.invokeConfigurationMethod(ConfigInvoker.java:390)
at org.testng.internal.invokers.ConfigInvoker.invokeConfigurations(ConfigInvoker.java:325)
at org.testng.internal.invokers.TestInvoker.runConfigMethods(TestInvoker.java:810)
at org.testng.internal.invokers.TestInvoker.invokeMethod(TestInvoker.java:577)
at org.testng.internal.invokers.TestInvoker.invokeTestMethod(TestInvoker.java:227)
at org.testng.internal.invokers.MethodRunner.runInSequence(MethodRunner.java:50)
at org.testng.internal.invokers.TestInvoker$MethodInvocationAgent.invoke(TestInvoker.java:957)
at org.testng.internal.invokers.TestInvoker.invokeTestMethods(TestInvoker.java:200)
at org.testng.internal.invokers.TestMethodWorker.invokeTestMethods(TestMethodWorker.java:148)
at org.testng.internal.invokers.TestMethodWorker.run(TestMethodWorker.java:128)
at java.base/java.util.ArrayList.forEach(ArrayList.java:1511)
at org.testng.TestRunner.privateRun(TestRunner.java:848)
at org.testng.TestRunner.run(TestRunner.java:621)
at org.testng.SuiteRunner.runTest(SuiteRunner.java:443)
at org.testng.SuiteRunner.runSequentially(SuiteRunner.java:437)
at org.testng.SuiteRunner.privateRun(SuiteRunner.java:397)
at org.testng.SuiteRunner.run(SuiteRunner.java:336)
at org.testng.SuiteRunnerWorker.runSuite(SuiteRunnerWorker.java:52)
at org.testng.SuiteRunnerWorker.run(SuiteRunnerWorker.java:95)
at org.testng.TestNG.runSuitesSequentially(TestNG.java:1280)
at org.testng.TestNG.runSuitesLocally(TestNG.java:1200)
at org.testng.TestNG.runSuites(TestNG.java:1114)
at org.testng.TestNG.run(TestNG.java:1082)
at org.testng.remote.AbstractRemoteTestNG.run(AbstractRemoteTestNG.java:115)
at org.testng.remote.RemoteTestNG.initAndRun(RemoteTestNG.java:251)
at org.testng.remote.RemoteTestNG.main(RemoteTestNG.java:77)
]]>
    </error>
  </testcase> <!-- verifyFolderIsEmpty -->
  <testcase classname="test.script.OtherPersonalFolderSmokeTest" name="deleteAllFolders" time="9.783">
    <error message="Failed to retrieve attibute post stale element exception and 2 retries." type="java.lang.Exception">
      <![CDATA[java.lang.Exception: Failed to retrieve attibute post stale element exception and 2 retries.
at cocoro.lib.uiauto.SeleniumUIControl.click(SeleniumUIControl.java:159)
at test.script.OtherPersonalFolderSmokeTest.deleteAllFolders(OtherPersonalFolderSmokeTest.java:79)
at java.base/jdk.internal.reflect.DirectMethodHandleAccessor.invoke(DirectMethodHandleAccessor.java:104)
at java.base/java.lang.reflect.Method.invoke(Method.java:578)
at org.testng.internal.invokers.MethodInvocationHelper.invokeMethod(MethodInvocationHelper.java:139)
at org.testng.internal.invokers.MethodInvocationHelper.invokeMethodConsideringTimeout(MethodInvocationHelper.java:69)
at org.testng.internal.invokers.ConfigInvoker.invokeConfigurationMethod(ConfigInvoker.java:390)
at org.testng.internal.invokers.ConfigInvoker.invokeConfigurations(ConfigInvoker.java:325)
at org.testng.internal.invokers.TestInvoker.runConfigMethods(TestInvoker.java:810)
at org.testng.internal.invokers.TestInvoker.runAfterConfigurations(TestInvoker.java:779)
at org.testng.internal.invokers.TestInvoker.invokeMethod(TestInvoker.java:755)
at org.testng.internal.invokers.TestInvoker.invokeTestMethod(TestInvoker.java:227)
at org.testng.internal.invokers.MethodRunner.runInSequence(MethodRunner.java:50)
at org.testng.internal.invokers.TestInvoker$MethodInvocationAgent.invoke(TestInvoker.java:957)
at org.testng.internal.invokers.TestInvoker.invokeTestMethods(TestInvoker.java:200)
at org.testng.internal.invokers.TestMethodWorker.invokeTestMethods(TestMethodWorker.java:148)
at org.testng.internal.invokers.TestMethodWorker.run(TestMethodWorker.java:128)
at java.base/java.util.ArrayList.forEach(ArrayList.java:1511)
at org.testng.TestRunner.privateRun(TestRunner.java:848)
at org.testng.TestRunner.run(TestRunner.java:621)
at org.testng.SuiteRunner.runTest(SuiteRunner.java:443)
at org.testng.SuiteRunner.runSequentially(SuiteRunner.java:437)
at org.testng.SuiteRunner.privateRun(SuiteRunner.java:397)
at org.testng.SuiteRunner.run(SuiteRunner.java:336)
at org.testng.SuiteRunnerWorker.runSuite(SuiteRunnerWorker.java:52)
at org.testng.SuiteRunnerWorker.run(SuiteRunnerWorker.java:95)
at org.testng.TestNG.runSuitesSequentially(TestNG.java:1280)
at org.testng.TestNG.runSuitesLocally(TestNG.java:1200)
at org.testng.TestNG.runSuites(TestNG.java:1114)
at org.testng.TestNG.run(TestNG.java:1082)
at org.testng.remote.AbstractRemoteTestNG.run(AbstractRemoteTestNG.java:115)
at org.testng.remote.RemoteTestNG.initAndRun(RemoteTestNG.java:251)
at org.testng.remote.RemoteTestNG.main(RemoteTestNG.java:77)
]]>
    </error>
  </testcase> <!-- deleteAllFolders -->
  <testcase classname="test.script.OtherPersonalFolderSmokeTest" name="verifyFolderIsCreated" time="10.766"/>
  <testcase classname="test.script.OtherPersonalFolderSmokeTest" name="verifySingleFileUpload" time="25.604"/>
  <testcase classname="test.script.OtherPersonalFolderSmokeTest" name="verifyMultiFileUpload" time="47.720"/>
  <testcase classname="test.script.OtherPersonalFolderSmokeTest" name="verifySingleFolderDownload" time="12.683"/>
  <testcase classname="test.script.OtherPersonalFolderSmokeTest" name="verifyMultiFolderDownload" time="20.412"/>
  <testcase classname="test.script.OtherPersonalFolderSmokeTest" name="verifyFolderSearch" time="10.703"/>
  <testcase classname="test.script.OtherPersonalFolderSmokeTest" name="verifySearchPageReturnButton" time="10.820"/>
  <testcase classname="test.script.OtherPersonalFolderSmokeTest" name="verifyContextMenuDownload" time="9.613"/>
  <testcase classname="test.script.OtherPersonalFolderSmokeTest" name="verifyContextMenuRename" time="18.247"/>
  <testcase classname="test.script.OtherPersonalFolderSmokeTest" name="verifyContextMenuFilePreview" time="8.603"/>
  <testcase classname="test.script.OtherPersonalFolderSmokeTest" name="verifyContextMenuFileMove" time="12.903"/>
  <testcase classname="test.script.OtherPersonalFolderSmokeTest" name="verifyContextMenuFileShare" time="11.828"/>
  <testcase classname="test.script.OtherPersonalFolderSmokeTest" name="verifySingleFileFolderDelete" time="12.614"/>
  <testcase classname="test.script.OtherPersonalFolderSmokeTest" name="verifyContextMenuDelete" time="12.700"/>
  <testcase classname="test.script.OtherPersonalFolderSmokeTest" name="verifyMultiFileFolderDelete" time="12.581"/>
  <testcase classname="test.script.OtherPersonalFolderSmokeTest" name="verifyFolderFileMove" time="54.164"/>
  <testcase classname="test.script.OtherPersonalFolderSmokeTest" name="verifyFolderMoveToSubFolder" time="17.182"/>
  <testcase classname="test.script.OtherPersonalFolderSmokeTest" name="verifyMultipleFileFolderMoveToSubFolder" time="4.586"/>
  <testcase classname="test.script.OtherPersonalFolderSmokeTest" name="verifyFolderFileFolderMoveToSharedFolder" time="57.046">
    <failure message="did not expect [1-6 件目 / 6件] but found [1-6 件目 / 6件]" type="java.lang.AssertionError">
      <![CDATA[java.lang.AssertionError: did not expect [1-6 件目 / 6件] but found [1-6 件目 / 6件]
at org.testng.Assert.fail(Assert.java:111)
at org.testng.Assert.failEquals(Assert.java:1582)
at org.testng.Assert.assertNotEqualsImpl(Assert.java:157)
at org.testng.Assert.assertNotEquals(Assert.java:2198)
at org.testng.Assert.assertNotEquals(Assert.java:2220)
at test.script.OtherPersonalFolderSmokeTest.verifyFolderFileFolderMoveToSharedFolder(OtherPersonalFolderSmokeTest.java:407)
at java.base/jdk.internal.reflect.DirectMethodHandleAccessor.invoke(DirectMethodHandleAccessor.java:104)
at java.base/java.lang.reflect.Method.invoke(Method.java:578)
at org.testng.internal.invokers.MethodInvocationHelper.invokeMethod(MethodInvocationHelper.java:139)
at org.testng.internal.invokers.TestInvoker.invokeMethod(TestInvoker.java:664)
at org.testng.internal.invokers.TestInvoker.invokeTestMethod(TestInvoker.java:227)
at org.testng.internal.invokers.MethodRunner.runInSequence(MethodRunner.java:50)
at org.testng.internal.invokers.TestInvoker$MethodInvocationAgent.invoke(TestInvoker.java:957)
at org.testng.internal.invokers.TestInvoker.invokeTestMethods(TestInvoker.java:200)
at org.testng.internal.invokers.TestMethodWorker.invokeTestMethods(TestMethodWorker.java:148)
at org.testng.internal.invokers.TestMethodWorker.run(TestMethodWorker.java:128)
at java.base/java.util.ArrayList.forEach(ArrayList.java:1511)
at org.testng.TestRunner.privateRun(TestRunner.java:848)
at org.testng.TestRunner.run(TestRunner.java:621)
at org.testng.SuiteRunner.runTest(SuiteRunner.java:443)
at org.testng.SuiteRunner.runSequentially(SuiteRunner.java:437)
at org.testng.SuiteRunner.privateRun(SuiteRunner.java:397)
at org.testng.SuiteRunner.run(SuiteRunner.java:336)
at org.testng.SuiteRunnerWorker.runSuite(SuiteRunnerWorker.java:52)
at org.testng.SuiteRunnerWorker.run(SuiteRunnerWorker.java:95)
at org.testng.TestNG.runSuitesSequentially(TestNG.java:1280)
at org.testng.TestNG.runSuitesLocally(TestNG.java:1200)
at org.testng.TestNG.runSuites(TestNG.java:1114)
at org.testng.TestNG.run(TestNG.java:1082)
at org.testng.remote.AbstractRemoteTestNG.run(AbstractRemoteTestNG.java:115)
at org.testng.remote.RemoteTestNG.initAndRun(RemoteTestNG.java:251)
at org.testng.remote.RemoteTestNG.main(RemoteTestNG.java:77)
]]>
    </failure>
  </testcase> <!-- verifyFolderFileFolderMoveToSharedFolder -->
  <testcase classname="test.script.OtherPersonalFolderSmokeTest" name="verifysharedFilesList" time="0.000">
    <skipped/>
  </testcase> <!-- verifysharedFilesList -->
</testsuite> <!-- test.script.OtherPersonalFolderSmokeTest -->
