<?xml version="1.0" encoding="UTF-8"?>
<!-- Generated by org.testng.reporters.JUnitXMLReporter -->
<testsuite ignored="12" hostname="Test-Jpwin11" failures="1" tests="7" name="Test1(failed)" time="224.601" errors="0" timestamp="2024-07-18T18:49:17 JST">
  <testcase classname="cocoro.tests.BaseTest" name="@AfterClass closeBrowser" time="0.709">
    <failure type="org.openqa.selenium.remote.UnreachableBrowserException" message="Error communicating with the remote browser. It may have died.
Build info: version: &amp;apos;unknown&amp;apos;, revision: &amp;apos;unknown&amp;apos;, time: &amp;apos;unknown&amp;apos;
System info: host: &amp;apos;TEST-JPWIN11&amp;apos;, ip: &amp;apos;192.168.81.68&amp;apos;, os.name: &amp;apos;Windows 11&amp;apos;, os.arch: &amp;apos;amd64&amp;apos;, os.version: &amp;apos;10.0&amp;apos;, java.version: &amp;apos;20.0.1&amp;apos;
Driver info: driver.version: RemoteWebDriver
Capabilities [{networkConnectionEnabled=false, chrome={chromedriverVersion=126.0.6478.55 (7616ff175414646cbd1ac65e912fc530b19cc573-refs/branch-heads/6478@{#1402}), userDataDir=C:\Windows\SystemTemp\scoped_dir38688_141009393}, timeouts={implicit=0, pageLoad=300000, script=30000}, pageLoadStrategy=normal, unhandledPromptBehavior=dismiss and notify, strictFileInteractability=false, platform=XP, proxy=Proxy(), webauthn:extension:minPinLength=true, goog:chromeOptions={debuggerAddress=localhost:65342}, webauthn:extension:credBlob=true, webauthn:extension:prf=true, acceptInsecureCerts=false, browserVersion=126.0.6478.127, fedcm:accounts=true, browserName=chrome, javascriptEnabled=true, platformName=XP, setWindowRect=true, webauthn:extension:largeBlob=true, webauthn:virtualAuthenticators=true}]
Session ID: b2c749702ad9a15dd78ea0b59924e2fe">
      <![CDATA[org.openqa.selenium.remote.UnreachableBrowserException: Error communicating with the remote browser. It may have died.
Build info: version: 'unknown', revision: 'unknown', time: 'unknown'
System info: host: 'TEST-JPWIN11', ip: '192.168.81.68', os.name: 'Windows 11', os.arch: 'amd64', os.version: '10.0', java.version: '20.0.1'
Driver info: driver.version: RemoteWebDriver
Capabilities [{networkConnectionEnabled=false, chrome={chromedriverVersion=126.0.6478.55 (7616ff175414646cbd1ac65e912fc530b19cc573-refs/branch-heads/6478@{#1402}), userDataDir=C:\Windows\SystemTemp\scoped_dir38688_141009393}, timeouts={implicit=0, pageLoad=300000, script=30000}, pageLoadStrategy=normal, unhandledPromptBehavior=dismiss and notify, strictFileInteractability=false, platform=XP, proxy=Proxy(), webauthn:extension:minPinLength=true, goog:chromeOptions={debuggerAddress=localhost:65342}, webauthn:extension:credBlob=true, webauthn:extension:prf=true, acceptInsecureCerts=false, browserVersion=126.0.6478.127, fedcm:accounts=true, browserName=chrome, javascriptEnabled=true, platformName=XP, setWindowRect=true, webauthn:extension:largeBlob=true, webauthn:virtualAuthenticators=true}]
Session ID: b2c749702ad9a15dd78ea0b59924e2fe
at org.openqa.selenium.remote.RemoteWebDriver.execute(RemoteWebDriver.java:667)
at org.openqa.selenium.remote.RemoteWebDriver.execute(RemoteWebDriver.java:703)
at org.openqa.selenium.remote.RemoteWebDriver.quit(RemoteWebDriver.java:542)
at cocoro.tests.BaseTest.closeBrowser(BaseTest.java:78)
at java.base/java.util.ArrayList.forEach(ArrayList.java:1511)
Caused by: java.lang.RuntimeException: Process refused to die after 10 seconds, and couldn't taskkill it: Couldn't detect pid
at org.openqa.selenium.os.ProcessUtils.killWinProcess(ProcessUtils.java:133)
at org.openqa.selenium.os.ProcessUtils.killProcess(ProcessUtils.java:81)
at org.openqa.selenium.os.UnixProcess$SeleniumWatchDog.destroyHarder(UnixProcess.java:265)
at org.openqa.selenium.os.UnixProcess$SeleniumWatchDog.access$200(UnixProcess.java:219)
at org.openqa.selenium.os.UnixProcess.destroy(UnixProcess.java:127)
at org.openqa.selenium.os.CommandLine.destroy(CommandLine.java:153)
at org.openqa.selenium.remote.service.DriverService.stop(DriverService.java:220)
at org.openqa.selenium.remote.service.DriverCommandExecutor.execute(DriverCommandExecutor.java:94)
at org.openqa.selenium.remote.RemoteWebDriver.execute(RemoteWebDriver.java:646)
... 28 more
Caused by: java.lang.RuntimeException: Couldn't detect pid
at org.openqa.selenium.os.ProcessUtils.getProcessId(ProcessUtils.java:195)
at org.openqa.selenium.os.ProcessUtils.killWinProcess(ProcessUtils.java:128)
... 36 more
at org.openqa.selenium.os.ProcessUtils.getProcessId(ProcessUtils.java:181)
... 37 more
... Removed 30 stack frames]]>
    </failure>
  </testcase> <!-- @AfterClass closeBrowser -->
  <testcase classname="test.script.PersonalFolderSmokeTest" name="verifyContextMenuFileShare" time="5.604"/>
  <testcase classname="test.script.PersonalFolderSmokeTest" name="verifySingleFileFolderDelete" time="6.33"/>
  <testcase classname="test.script.PersonalFolderSmokeTest" name="verifyMultiFileFolderDelete" time="6.331"/>
  <testcase classname="test.script.PersonalFolderSmokeTest" name="verifyFolderFileMove" time="50.177"/>
  <testcase classname="test.script.PersonalFolderSmokeTest" name="verifyFolderMoveToSubFolder" time="10.93"/>
  <testcase classname="test.script.PersonalFolderSmokeTest" name="verifyMultipleFileFolderMoveToSubFolder" time="4.458"/>
  <testcase classname="test.script.PersonalFolderSmokeTest" name="verifyFolderFileFolderMoveToSharedFolder" time="57.333">
    <failure type="java.lang.AssertionError" message="did not expect [1-6 件目 / 6件] but found [1-6 件目 / 6件]">
      <![CDATA[java.lang.AssertionError: did not expect [1-6 件目 / 6件] but found [1-6 件目 / 6件]
at test.script.PersonalFolderSmokeTest.verifyFolderFileFolderMoveToSharedFolder(PersonalFolderSmokeTest.java:406)
at java.base/java.util.ArrayList.forEach(ArrayList.java:1511)
... Removed 30 stack frames]]>
    </failure>
  </testcase> <!-- verifyFolderFileFolderMoveToSharedFolder -->
  <testcase classname="test.script.PersonalFolderSmokeTest" name="verifyContextMenuDownload" time="0.0">
    <ignored/>
  </testcase> <!-- verifyContextMenuDownload -->
  <testcase classname="test.script.PersonalFolderSmokeTest" name="verifyContextMenuDelete" time="0.0">
    <ignored/>
  </testcase> <!-- verifyContextMenuDelete -->
  <testcase classname="test.script.PersonalFolderSmokeTest" name="verifySearchPageReturnButton" time="0.0">
    <ignored/>
  </testcase> <!-- verifySearchPageReturnButton -->
  <testcase classname="test.script.PersonalFolderSmokeTest" name="verifyMultiFolderDownload" time="0.0">
    <ignored/>
  </testcase> <!-- verifyMultiFolderDownload -->
  <testcase classname="test.script.PersonalFolderSmokeTest" name="verifyContextMenuRename" time="0.0">
    <ignored/>
  </testcase> <!-- verifyContextMenuRename -->
  <testcase classname="test.script.PersonalFolderSmokeTest" name="verifyFolderSearch" time="0.0">
    <ignored/>
  </testcase> <!-- verifyFolderSearch -->
  <testcase classname="test.script.PersonalFolderSmokeTest" name="verifyMultiFileUpload" time="0.0">
    <ignored/>
  </testcase> <!-- verifyMultiFileUpload -->
  <testcase classname="test.script.PersonalFolderSmokeTest" name="verifyFolderIsCreated" time="0.0">
    <ignored/>
  </testcase> <!-- verifyFolderIsCreated -->
  <testcase classname="test.script.PersonalFolderSmokeTest" name="verifyContextMenuFilePreview" time="0.0">
    <ignored/>
  </testcase> <!-- verifyContextMenuFilePreview -->
  <testcase classname="test.script.PersonalFolderSmokeTest" name="verifySingleFileUpload" time="0.0">
    <ignored/>
  </testcase> <!-- verifySingleFileUpload -->
  <testcase classname="test.script.PersonalFolderSmokeTest" name="verifyContextMenuFileMove" time="0.0">
    <ignored/>
  </testcase> <!-- verifyContextMenuFileMove -->
  <testcase classname="test.script.PersonalFolderSmokeTest" name="verifySingleFolderDownload" time="0.0">
    <ignored/>
  </testcase> <!-- verifySingleFolderDownload -->
</testsuite> <!-- Test1(failed) -->
